<?xml version="1.0" encoding="UTF-8"?>
<!-- Generated by org.testng.reporters.JUnitXMLReporter -->
<testsuite hostname="SMT-CPU-152" ignored="0" name="Test" tests="5" failures="0" timestamp="05 Dec 2020 21:10:29 GMT" time="48659.982" errors="0">
  <testcase name="DirectdialTest4" time="44249.243" classname="com.smarteinc.api.tests.DirectDialTest"/>
  <testcase name="DirectdialTest1" time="44590.017" classname="com.smarteinc.api.tests.DirectDialTest"/>
  <testcase name="DirectdialTest3" time="44640.246" classname="com.smarteinc.api.tests.DirectDialTest"/>
  <testcase name="DirectdialTest2" time="44743.27" classname="com.smarteinc.api.tests.DirectDialTest"/>
  <testcase name="DirectdialTest5" time="48659.938" classname="com.smarteinc.api.tests.DirectDialTest"/>
</testsuite> <!-- Test -->
